make all --print-data-base --no-builtin-variables --no-builtin-rules --question
# GNU Make 4.2.1
# Built for x86_64-pc-linux-gnu
# Copyright (C) 1988-2016 Free Software Foundation, Inc.
# License GPLv3+: GNU GPL version 3 or later <http://gnu.org/licenses/gpl.html>
# This is free software: you are free to change and redistribute it.
# There is NO WARRANTY, to the extent permitted by law.

# Make data base, printed on Thu May 12 15:42:04 2022

# Variables

# 'override' directive
GNUMAKEFLAGS := 
# automatic
<D = $(patsubst %/,%,$(dir $<))
# automatic
?F = $(notdir $?)
# environment
DESKTOP_SESSION = ubuntu
# default
.SHELLFLAGS := -c
# environment
XDG_SESSION_CLASS = user
# environment
SNAP_COMMON = /var/snap/code/common
# environment
XDG_SESSION_TYPE = x11
# makefile (from 'Makefile', line 23)
APP_SOURCES = $(shell find $(SRC_DIR)/$(APP_NAME) -name '*.$(SRC_EXT)')
# environment
VSCODE_LOG_NATIVE = false
# automatic
?D = $(patsubst %/,%,$(dir $?))
# environment
IM_CONFIG_PHASE = 1
# automatic
@D = $(patsubst %/,%,$(dir $@))
# environment
XAUTHORITY = /run/user/1000/gdm/Xauthority
# environment
GDMSESSION = ubuntu
# environment
XMODIFIERS = @im=ibus
# makefile
CURDIR := /home/dalerio/geometry-Dalerrro
# makefile
SHELL = /bin/sh
# environment
SNAP_DATA = /var/snap/code/96
# environment
VSCODE_NLS_CONFIG = {"locale":"ru","availableLanguages":{"*":"ru"},"_languagePackId":"6c87e287770fa80b3245e0a037b935fb.ru","_translationsConfigFile":"/home/dalerio/.config/Code/clp/6c87e287770fa80b3245e0a037b935fb.ru/tcf.json","_cacheRoot":"/home/dalerio/.config/Code/clp/6c87e287770fa80b3245e0a037b935fb.ru","_resolvedLanguagePackCoreLocation":"/home/dalerio/.config/Code/clp/6c87e287770fa80b3245e0a037b935fb.ru/da15b6fd3ef856477bf6f4fb29ba1b7af717770d","_corruptedFile":"/home/dalerio/.config/Code/clp/6c87e287770fa80b3245e0a037b935fb.ru/corrupted.info","_languagePackSupport":true}
# makefile (from 'Makefile', line 24)
APP_OBJECTS = $(APP_SOURCES:$(SRC_DIR)/%.$(SRC_EXT)=$(OBJ_DIR)/$(SRC_DIR)/%.o)
# makefile (from 'Makefile', line 5)
TEST_NAME = test
# environment
JOURNAL_STREAM = 8:29416
# makefile (from 'Makefile', line 7)
CFLAGS = -Wall -Wextra -Werror
# environment
XDG_CONFIG_DIRS = /etc/xdg/xdg-ubuntu:/etc/xdg
# environment
SNAP_INSTANCE_NAME = code
# environment
SNAP_ARCH = amd64
# makefile (from 'obj/src/lib/geometry.d', line 1)
MAKEFILE_LIST :=  Makefile obj/src/geometry/main.d obj/src/lib/geometry.d obj/src/geometry/main.d obj/src/lib/geometry.d
# automatic
@F = $(notdir $@)
# environment
GIO_LAUNCHED_DESKTOP_FILE = /var/lib/snapd/desktop/applications/code_code.desktop
# environment
USERNAME = dalerio
# makefile (from 'Makefile', line 13)
OBJ_DIR = obj
# environment
XDG_DATA_DIRS = /usr/share/ubuntu:/usr/local/share/:/usr/share/:/var/lib/snapd/desktop
# environment
DBUS_SESSION_BUS_ADDRESS = unix:path=/run/user/1000/bus
# environment
VSCODE_VERBOSE_LOGGING = true
# makefile (from 'Makefile', line 29)
LIB_SOURCES = $(shell find $(SRC_DIR)/$(LIB_NAME) -name '*.$(SRC_EXT)')
# environment
_ = /snap/code/96/usr/share/code/code
# makefile (from 'Makefile', line 8)
CPPFLAGS = -I src -MP -MMD
# environment
MANAGERPID = 846
# environment
LESSOPEN = | /usr/bin/lesspipe %s
# environment
VSCODE_CWD = /home/dalerio
# makefile (from 'Makefile', line 30)
LIB_OBJECTS = $(LIB_SOURCES:$(SRC_DIR)/%.$(SRC_EXT)=$(OBJ_DIR)/$(SRC_DIR)/%.o)
# environment
GSETTINGS_SCHEMA_DIR = /snap/code/96/usr/share/glib-2.0/schemas
# default
MAKE_HOST := x86_64-pc-linux-gnu
# environment
PATH = /usr/local/sbin:/usr/local/bin:/usr/sbin:/usr/bin:/sbin:/bin:/usr/games:/usr/local/games:/snap/bin
# environment
GPG_AGENT_INFO = /run/user/1000/gnupg/S.gpg-agent:0:1
# environment
SESSION_MANAGER = local/dalerio-VirtualBox:@/tmp/.ICE-unix/1169,unix/dalerio-VirtualBox:/tmp/.ICE-unix/1169
# environment
XDG_RUNTIME_DIR = /run/user/1000
# environment
GDK_PIXBUF_MODULE_FILE = /home/dalerio/snap/code/common/.cache/gdk-pixbuf-loaders.cache
# environment
SNAP = /snap/code/96
# makefile (from 'Makefile', line 15)
TEST_DIR = test
# environment
SNAP_VERSION = da15b6fd
# environment
XDG_MENU_PREFIX = gnome-
# environment
VSCODE_LOG_STACK = false
# environment
DISABLE_WAYLAND = 1
# environment
ELECTRON_RUN_AS_NODE = 1
# environment
INVOCATION_ID = 542a80fd389a4a4da05dea7ae21f458e
# makefile (from 'Makefile', line 9)
LDFLAGS = 
# environment
GDK_PIXBUF_MODULEDIR = /snap/code/96/usr/lib/x86_64-linux-gnu/gdk-pixbuf-2.0/2.10.0/loaders
# makefile (from 'Makefile', line 10)
LDLIBS = 
# default
.FEATURES := target-specific order-only second-expansion else-if shortest-stem undefine oneshell archives jobserver output-sync check-symlink load
# makefile (from 'Makefile', line 26)
TEST_SOURCES = $(shell find test -name '*.$(SRC_EXT)')
# environment
LS_COLORS = 
# environment
XDG_SESSION_DESKTOP = ubuntu
# environment
SSH_AUTH_SOCK = /run/user/1000/keyring/ssh
# environment
GIO_LAUNCHED_DESKTOP_FILE_PID = 12243
# automatic
%F = $(notdir $%)
# environment
DISPLAY = :0
# makefile (from 'Makefile', line 27)
TEST_OBJECTS = $(TEST_SOURCES:test/%.cpp=obj/test/%.o)
# environment
VSCODE_PIPE_LOGGING = true
# environment
SNAP_INSTANCE_KEY = 
# environment
PWD = /home/dalerio/geometry-Dalerrro
# default
.LOADED := 
# environment
SSH_AGENT_PID = 1119
# environment
ORIGINAL_XDG_CURRENT_DESKTOP = ubuntu:GNOME
# environment
GTK_MODULES = gail:atk-bridge
# environment
VSCODE_AMD_ENTRYPOINT = vs/workbench/api/node/extensionHostProcess
# environment
HOME = /home/dalerio
# makefile (from 'Makefile', line 17)
APP_PATH = $(BIN_DIR)/$(APP_NAME)
# environment
LESSCLOSE = /usr/bin/lesspipe %s %s
# environment
VSCODE_CLI = 1
# environment
VSCODE_CODE_CACHE_PATH = /home/dalerio/.config/Code/CachedData/da15b6fd3ef856477bf6f4fb29ba1b7af717770d
# environment
LOGNAME = dalerio
# environment
APPLICATION_INSIGHTS_NO_DIAGNOSTIC_CHANNEL = true
# environment
SNAP_LIBRARY_PATH = /var/lib/snapd/lib/gl:/var/lib/snapd/lib/gl32:/var/lib/snapd/void
# environment
SNAP_CONTEXT = JrhGar74bgPvRo3bg2tcLoUf-9cefEx65w9rftDZ6_8UOFjk74L0
# environment
ELECTRON_NO_ATTACH_CONSOLE = 1
# environment
SNAP_USER_COMMON = /home/dalerio/snap/code/common
# environment
VSCODE_HANDLES_UNCAUGHT_ERRORS = true
# environment
GNOME_DESKTOP_SESSION_ID = this-is-deprecated
# automatic
^D = $(patsubst %/,%,$(dir $^))
# environment
MAKELEVEL := 0
# environment
SNAP_REAL_HOME = /home/dalerio
# default
MAKE = $(MAKE_COMMAND)
# default
MAKECMDGOALS := all
# environment
QT_IM_MODULE = ibus
# environment
SNAP_USER_DATA = /home/dalerio/snap/code/96
# environment
SHLVL = 0
# makefile (from 'Makefile', line 1)
CC = g++
# environment
GNOME_SHELL_SESSION_MODE = ubuntu
# environment
VSCODE_IPC_HOOK_EXTHOST = /run/user/1000/vscode-ipc-07aa8d15-ff40-4868-9103-6e7e4519178b.sock
# default
MAKE_VERSION := 4.2.1
# environment
USER = dalerio
# environment
SNAP_REVISION = 96
# makefile
.DEFAULT_GOAL := all
# environment
XDG_CURRENT_DESKTOP = Unity
# makefile (from 'Makefile', line 21)
SRC_EXT = cpp
# automatic
%D = $(patsubst %/,%,$(dir $%))
# default
MAKE_COMMAND := make
# default
.VARIABLES := 
# automatic
*F = $(notdir $*)
# environment
VSCODE_IPC_HOOK = /run/user/1000/vscode-3f8f4f98-1.67.1-main.sock
# environment
BAMF_DESKTOP_FILE_HINT = /var/lib/snapd/desktop/applications/code_code.desktop
# makefile
MAKEFLAGS = pqrR
# makefile (from 'Makefile', line 19)
LIB_PATH = $(OBJ_DIR)/$(SRC_DIR)/$(LIB_NAME)/$(LIB_NAME).a
# environment
MFLAGS = -pqrR
# automatic
*D = $(patsubst %/,%,$(dir $*))
# automatic
+D = $(patsubst %/,%,$(dir $+))
# environment
GDK_BACKEND = x11
# automatic
+F = $(notdir $+)
# makefile (from 'Makefile', line 3)
APP_NAME = geometry
# environment
QT_ACCESSIBILITY = 1
# makefile (from 'Makefile', line 18)
TEST_PATH = $(BIN_DIR)/$(TEST_DIR)
# 'override' directive
.SHELLSTATUS := 0
# default
MAKEFILES := 
# environment
SNAP_COOKIE = JrhGar74bgPvRo3bg2tcLoUf-9cefEx65w9rftDZ6_8UOFjk74L0
# makefile (from 'Makefile', line 14)
SRC_DIR = src
# automatic
<F = $(notdir $<)
# environment
SNAP_NAME = code
# makefile (from 'Makefile', line 12)
BIN_DIR = bin
# environment
LC_ALL = C
# environment
GJS_DEBUG_TOPICS = JS ERROR;JS LOG
# automatic
^F = $(notdir $^)
# makefile (from 'Makefile', line 32)
DEPS = $(APP_OBJECTS:.o=.d) $(LIB_OBJECTS:.o=.d) $(TEST_OBJECTS:.o=.d)
 
# default
SUFFIXES := 
# environment
SNAP_REEXEC = 
# makefile (from 'Makefile', line 4)
LIB_NAME = lib
# environment
CHROME_DESKTOP = code-url-handler.desktop
# environment
WINDOWPATH = 2
# default
.INCLUDE_DIRS = /usr/include /usr/local/include /usr/include
# environment
GJS_DEBUG_OUTPUT = stderr
# default
.RECIPEPREFIX := 
# environment
LANG = C
# environment
VSCODE_PID = 12293
# variable set hash-table stats:
# Load=144/1024=14%, Rehash=0, Collisions=24/305=8%

# Pattern-specific Variable Values

# No pattern-specific variable values.

# Directories

# . (device 2053, inode 539488): 15 files, no impossibilities.
# src/lib (device 2053, inode 923342): No files, no impossibilities so far.
# src/geometry (device 2053, inode 923340): No files, no impossibilities so far.

# 15 files, no impossibilities in 3 directories.

# Implicit Rules

obj/%.o: %.cpp
#  recipe to execute (from 'Makefile', line 47):
	$(CC) -c $(CFLAGS) $(CPPFLAGS) -I thirdparty $< -o $@ -lm
	

# 1 implicit rules, 0 (0.0%) terminal.

# Files

bin/test: obj/test/geom-test.o obj/test/main.o obj/src/lib/lib.a
#  Implicit rule search has not been done.
#  Modification time never checked.
#  File has not been updated.
#  recipe to execute (from 'Makefile', line 55):
	$(CC) $(CFLAGS) -I thirdparty $^ -o $@ $(LDFLAGS) $(LDLIBS) -lm

all: bin/geometry
#  Command line target.
#  Implicit rule search has been done.
#  File does not exist.
#  File has been updated.
#  Successfully updated.

.PHONY: test clean
#  Implicit rule search has not been done.
#  Modification time never checked.
#  File has not been updated.

obj/src/lib/lib.a: obj/src/lib/geometry.o
#  Implicit rule search has not been done.
#  Last modified 2022-05-11 17:13:26.660744929
#  File has been updated.
#  Successfully updated.
#  recipe to execute (from 'Makefile', line 44):
	ar rcs $@ $^

obj/src/lib/geometry.o: src/lib/geometry.cpp src/lib/geometry.cpp src/lib/geometry.h src/lib/geometry.cpp src/lib/geometry.h
#  Implicit rule search has been done.
#  Implicit/static pattern stem: 'src/lib/geometry'
#  Last modified 2022-05-11 17:13:26.660744929
#  File has been updated.
#  Successfully updated.
#  recipe to execute (from 'Makefile', line 47):
	$(CC) -c $(CFLAGS) $(CPPFLAGS) -I thirdparty $< -o $@ -lm
	

# Not a target:
obj/test/main.o:
#  Implicit rule search has not been done.
#  Modification time never checked.
#  File has not been updated.

# Not a target:
obj/src/geometry/main.d:
#  Implicit rule search has been done.
#  Last modified 2022-05-11 17:05:33.680975564
#  File has been updated.
#  Successfully updated.

# Not a target:
obj/test/geom-test.d:
#  Implicit rule search has been done.
#  File does not exist.
#  File has been updated.
#  Failed to be updated.

# Not a target:
src/geometry/main.cpp:
#  Implicit rule search has been done.
#  Last modified 2022-05-11 16:00:29.612109474
#  File has been updated.
#  Successfully updated.

# Not a target:
Makefile:
#  Implicit rule search has been done.
#  Last modified 2022-05-11 17:09:45.558701649
#  File has been updated.
#  Successfully updated.

test: bin/test
#  Phony target (prerequisite of .PHONY).
#  Implicit rule search has not been done.
#  File does not exist.
#  File has not been updated.

obj/src/geometry/main.o: src/geometry/main.cpp
#  Implicit rule search has been done.
#  Implicit/static pattern stem: 'src/geometry/main'
#  Last modified 2022-05-11 17:05:33.688975376
#  File has been updated.
#  Successfully updated.
#  recipe to execute (from 'Makefile', line 47):
	$(CC) -c $(CFLAGS) $(CPPFLAGS) -I thirdparty $< -o $@ -lm
	

# Not a target:
obj/test/geom-test.o:
#  Implicit rule search has not been done.
#  Modification time never checked.
#  File has not been updated.

# Not a target:
.DEFAULT:
#  Implicit rule search has not been done.
#  Modification time never checked.
#  File has not been updated.

bin/geometry: obj/src/geometry/main.o obj/src/lib/lib.a
#  Implicit rule search has not been done.
#  Last modified 2022-05-11 17:22:51.940561626
#  File has been updated.
#  Successfully updated.
#  recipe to execute (from 'Makefile', line 41):
	$(CC) $(CFLAGS) $(CPPFLAGS) $^ -o $@ $(LDFLAGS) $(LDLIBS)

clean:
#  Phony target (prerequisite of .PHONY).
#  Implicit rule search has not been done.
#  File does not exist.
#  File has not been updated.
#  recipe to execute (from 'Makefile', line 60):
	$(RM) $(APP_PATH) $(TEST_PATH) $(LIB_PATH)
	find $(OBJ_DIR) -name '*.o' -exec $(RM) '{}' \;
	find $(OBJ_DIR) -name '*.d' -exec $(RM) '{}' \;

obj/geometry/main.o: src/geometry/main.cpp src/lib/geometry.h src/geometry/main.cpp src/lib/geometry.h
#  Implicit rule search has not been done.
#  Modification time never checked.
#  File has not been updated.

src/lib/geometry.h:
#  Implicit rule search has been done.
#  Last modified 2022-05-11 16:00:29.612109474
#  File has been updated.
#  Successfully updated.

# Not a target:
obj/src/lib/geometry.d:
#  Implicit rule search has been done.
#  Last modified 2022-05-11 17:13:26.652745148
#  File has been updated.
#  Successfully updated.

# Not a target:
obj/test/main.d:
#  Implicit rule search has been done.
#  File does not exist.
#  File has been updated.
#  Failed to be updated.

# Not a target:
src/lib/geometry.cpp:
#  Implicit rule search has been done.
#  Last modified 2022-05-11 16:00:29.612109474
#  File has been updated.
#  Successfully updated.

# files hash-table stats:
# Load=22/1024=2%, Rehash=0, Collisions=0/73=0%
# VPATH Search Paths

# No 'vpath' search paths.

# No general ('VPATH' variable) search path.

# strcache buffers: 1 (0) / strings = 43 / storage = 533 B / avg = 12 B
# current buf: size = 8162 B / used = 533 B / count = 43 / avg = 12 B

# strcache performance: lookups = 94 / hit rate = 54%
# hash-table stats:
# Load=43/8192=1%, Rehash=0, Collisions=1/94=1%
# Finished Make data base on Thu May 12 15:42:04 2022

 
